<?xml version="1.0" encoding="UTF-8"?>
<!-- Generated by org.testng.reporters.JUnitReportReporter -->
<testsuite hostname="ALEXIS-PC" failures="0" tests="1" name="tests.GreenKartPractice" time="0.375" errors="0" timestamp="2023-07-21T18:25:57 CST" skipped="0">
  <testcase classname="tests.GreenKartPractice" name="TC08" time="0.375"/>
  <system-out/>
</testsuite> <!-- tests.GreenKartPractice -->
